info it worked if it ends with ok
verbose cli [ 'node', '/usr/local/bin/npm', 'install', 'node-dev', '-g' ]
info using npm@1.0.106
info using node@v0.6.2
verbose config file /Users/papa/.npmrc
verbose config file /usr/local/etc/npmrc
verbose config file /usr/local/lib/node_modules/npm/npmrc
verbose into /usr/local/lib [ 'node-dev' ]
verbose cache add node-dev
verbose cache add [ 'node-dev', null ]
silly cache add: name, spec, args [ undefined, 'node-dev', [ 'node-dev', null ] ]
verbose parsed url { pathname: 'node-dev', path: 'node-dev', href: 'node-dev' }
info addNamed [ 'node-dev', '' ]
verbose addNamed [ null, '' ]
verbose GET node-dev
verbose raw, before any munging node-dev
verbose url resolving [ 'https://registry.npmjs.org/', './node-dev' ]
verbose url resolved https://registry.npmjs.org/node-dev
silly get cb [ 200,
silly get cb   { vary: 'Accept',
silly get cb     server: 'CouchDB/1.1.0 (Erlang OTP/R14B04)',
silly get cb     etag: '"D2FPIQERX19V85IYN21K49WGK"',
silly get cb     date: 'Sat, 17 Dec 2011 05:02:40 GMT',
silly get cb     'content-type': 'application/json',
silly get cb     'content-length': '5782' } ]
verbose mkdir (expected) error ENOENT, no such file or directory '/Users/papa/.npm/node-dev'
verbose mkdir done: /Users/papa/.npm/node-dev 755
verbose GET node-dev/0.1.9
verbose raw, before any munging node-dev/0.1.9
verbose url resolving [ 'https://registry.npmjs.org/', './node-dev/0.1.9' ]
verbose url resolved https://registry.npmjs.org/node-dev/0.1.9
silly get cb [ 200,
silly get cb   { vary: 'Accept',
silly get cb     server: 'CouchDB/1.1.0 (Erlang OTP/R14B04)',
silly get cb     etag: '"D2FPIQERX19V85IYN21K49WGK"',
silly get cb     date: 'Sat, 17 Dec 2011 05:02:42 GMT',
silly get cb     'content-type': 'application/json',
silly get cb     'content-length': '1135' } ]
verbose mkdir (expected) error ENOENT, no such file or directory '/Users/papa/.npm/node-dev/0.1.9'
verbose mkdir done: /Users/papa/.npm/node-dev/0.1.9 755
verbose bin dist [ '0.6-ares1.7.5-DEV-evundefined-openssl0.9.8r-v83.6.6.8-darwin-x64-11.2.0',
verbose bin dist   { shasum: '1fd90f255e155a428a6c1edc4540f69a53bb65ee',
verbose bin dist     tarball: 'http://registry.npmjs.org/node-dev/-/node-dev-0.1.9.tgz' } ]
verbose addRemoteTarball [ 'https://registry.npmjs.org/node-dev/-/node-dev-0.1.9.tgz',
verbose addRemoteTarball   '1fd90f255e155a428a6c1edc4540f69a53bb65ee' ]
verbose mkdir (expected) error ENOENT, no such file or directory '/var/folders/wk/5x4_mdr52x3_47y7ks0j7_jc0000gn/T/npm-1324098175229'
verbose mkdir (expected) error ENOENT, no such file or directory '/var/folders/wk/5x4_mdr52x3_47y7ks0j7_jc0000gn/T/npm-1324098175229/1324098175229-0.17039834009483457'
verbose mkdir done: /var/folders/wk/5x4_mdr52x3_47y7ks0j7_jc0000gn/T/npm-1324098175229/1324098175229-0.17039834009483457 755
info fetch https://registry.npmjs.org/node-dev/-/node-dev-0.1.9.tgz
verbose fetch to /var/folders/wk/5x4_mdr52x3_47y7ks0j7_jc0000gn/T/npm-1324098175229/1324098175229-0.17039834009483457/tmp.tgz
silly updated sha bytes 4765
info shasum 1fd90f255e155a428a6c1edc4540f69a53bb65ee
info shasum /var/folders/wk/5x4_mdr52x3_47y7ks0j7_jc0000gn/T/npm-1324098175229/1324098175229-0.17039834009483457/tmp.tgz
verbose mkdir (expected) error ENOENT, no such file or directory '/var/folders/wk/5x4_mdr52x3_47y7ks0j7_jc0000gn/T/npm-1324098175229/1324098175229-0.17039834009483457/contents'
verbose mkdir (expected) error ENOENT, no such file or directory '/var/folders/wk/5x4_mdr52x3_47y7ks0j7_jc0000gn/T/npm-1324098175229/1324098175229-0.17039834009483457/contents/___package.npm'
verbose mkdir done: /var/folders/wk/5x4_mdr52x3_47y7ks0j7_jc0000gn/T/npm-1324098175229/1324098175229-0.17039834009483457/contents/___package.npm 755
verbose unpack_ uid, gid [ undefined, undefined ]
verbose unpackTarget /var/folders/wk/5x4_mdr52x3_47y7ks0j7_jc0000gn/T/npm-1324098175229/1324098175229-0.17039834009483457/contents/package
silly gunzTarPerm modes [ '755', '644' ]
silly spawning [ 'tar',
silly spawning   [ '-zmvxpf',
silly spawning     '/var/folders/wk/5x4_mdr52x3_47y7ks0j7_jc0000gn/T/npm-1324098175229/1324098175229-0.17039834009483457/tmp.tgz' ],
silly spawning   '/var/folders/wk/5x4_mdr52x3_47y7ks0j7_jc0000gn/T/npm-1324098175229/1324098175229-0.17039834009483457/contents/___package.npm' ]
silly tar err x package/.gitignore
silly tar err x package/node-dev
silly tar err x package/notify.sh
silly tar err x package/package.json
silly tar err x package/README.md
silly tar err x package/wrapper.js
silly tar err x package/icons/node_error.png
silly tar err x package/icons/node_info.png
silly tar err x package/test/app.js
silly tar err x package/test/app_.coffee
silly tar err x package/test/message.js
silly tar exit 0
silly asyncMap in gTP /var/folders/wk/5x4_mdr52x3_47y7ks0j7_jc0000gn/T/npm-1324098175229/1324098175229-0.17039834009483457/contents/___package.npm/package
silly asyncMap in gTP /var/folders/wk/5x4_mdr52x3_47y7ks0j7_jc0000gn/T/npm-1324098175229/1324098175229-0.17039834009483457/contents/___package.npm/package/.gitignore
silly asyncMap in gTP /var/folders/wk/5x4_mdr52x3_47y7ks0j7_jc0000gn/T/npm-1324098175229/1324098175229-0.17039834009483457/contents/___package.npm/package/node-dev
silly asyncMap in gTP /var/folders/wk/5x4_mdr52x3_47y7ks0j7_jc0000gn/T/npm-1324098175229/1324098175229-0.17039834009483457/contents/___package.npm/package/notify.sh
silly asyncMap in gTP /var/folders/wk/5x4_mdr52x3_47y7ks0j7_jc0000gn/T/npm-1324098175229/1324098175229-0.17039834009483457/contents/___package.npm/package/package.json
silly asyncMap in gTP /var/folders/wk/5x4_mdr52x3_47y7ks0j7_jc0000gn/T/npm-1324098175229/1324098175229-0.17039834009483457/contents/___package.npm/package/README.md
silly asyncMap in gTP /var/folders/wk/5x4_mdr52x3_47y7ks0j7_jc0000gn/T/npm-1324098175229/1324098175229-0.17039834009483457/contents/___package.npm/package/wrapper.js
silly asyncMap in gTP /var/folders/wk/5x4_mdr52x3_47y7ks0j7_jc0000gn/T/npm-1324098175229/1324098175229-0.17039834009483457/contents/___package.npm/package/icons
silly asyncMap in gTP /var/folders/wk/5x4_mdr52x3_47y7ks0j7_jc0000gn/T/npm-1324098175229/1324098175229-0.17039834009483457/contents/___package.npm/package/icons/node_error.png
silly asyncMap in gTP /var/folders/wk/5x4_mdr52x3_47y7ks0j7_jc0000gn/T/npm-1324098175229/1324098175229-0.17039834009483457/contents/___package.npm/package/icons/node_info.png
silly asyncMap in gTP /var/folders/wk/5x4_mdr52x3_47y7ks0j7_jc0000gn/T/npm-1324098175229/1324098175229-0.17039834009483457/contents/___package.npm/package/test
silly asyncMap in gTP /var/folders/wk/5x4_mdr52x3_47y7ks0j7_jc0000gn/T/npm-1324098175229/1324098175229-0.17039834009483457/contents/___package.npm/package/test/app.js
silly asyncMap in gTP /var/folders/wk/5x4_mdr52x3_47y7ks0j7_jc0000gn/T/npm-1324098175229/1324098175229-0.17039834009483457/contents/___package.npm/package/test/app_.coffee
silly asyncMap in gTP /var/folders/wk/5x4_mdr52x3_47y7ks0j7_jc0000gn/T/npm-1324098175229/1324098175229-0.17039834009483457/contents/___package.npm/package/test/message.js
verbose gunzed /var/folders/wk/5x4_mdr52x3_47y7ks0j7_jc0000gn/T/npm-1324098175229/1324098175229-0.17039834009483457/contents/___package.npm/package
verbose rm'ed /var/folders/wk/5x4_mdr52x3_47y7ks0j7_jc0000gn/T/npm-1324098175229/1324098175229-0.17039834009483457/contents/package
verbose renamed [ '/var/folders/wk/5x4_mdr52x3_47y7ks0j7_jc0000gn/T/npm-1324098175229/1324098175229-0.17039834009483457/contents/___package.npm/package',
verbose renamed   '/var/folders/wk/5x4_mdr52x3_47y7ks0j7_jc0000gn/T/npm-1324098175229/1324098175229-0.17039834009483457/contents/package' ]
silly testEngine { name: 'node-dev',
silly testEngine   homepage: 'http://github.com/fgnass/node-dev',
silly testEngine   author: 
silly testEngine    { name: 'Felix Gnass',
silly testEngine      email: 'felix.gnass@neteye.de',
silly testEngine      url: 'http://fgnass.posterous.com' },
silly testEngine   contributors: 
silly testEngine    [ { name: 'Aseem Kishore',
silly testEngine        email: 'aseem.kishore@gmail.com',
silly testEngine        url: 'http://aseemk.com' } ],
silly testEngine   bin: { 'node-dev': './node-dev' },
silly testEngine   devDependencies: { 'coffee-script': '1.1.x', streamline: '0.1.x' },
silly testEngine   scripts: { test: './node-dev test/app' },
silly testEngine   preferGlobal: true,
silly testEngine   repository: { type: 'git', url: 'git://github.com/fgnass/node-dev.git' },
silly testEngine   description: 'Node.js supervisor with desktop notifications',
silly testEngine   keywords: [ 'supervisor', 'restart', 'reload', 'auto-reload' ],
silly testEngine   version: '0.1.9',
silly testEngine   _id: 'node-dev@0.1.9',
silly testEngine   dependencies: {},
silly testEngine   engines: { node: '*' },
silly testEngine   _engineSupported: true,
silly testEngine   _npmVersion: '1.0.106',
silly testEngine   _nodeVersion: 'v0.6.2',
silly testEngine   _defaultsLoaded: true,
silly testEngine   path: '/var/folders/wk/5x4_mdr52x3_47y7ks0j7_jc0000gn/T/npm-1324098175229/1324098175229-0.17039834009483457/contents/package' }
verbose caching /var/folders/wk/5x4_mdr52x3_47y7ks0j7_jc0000gn/T/npm-1324098175229/1324098175229-0.17039834009483457/contents/package/package.json
verbose loadDefaults node-dev@0.1.9
verbose tarball contents [ 'package' ]
verbose from cache /var/folders/wk/5x4_mdr52x3_47y7ks0j7_jc0000gn/T/npm-1324098175229/1324098175229-0.17039834009483457/contents/package/package.json
verbose pack /var/folders/wk/5x4_mdr52x3_47y7ks0j7_jc0000gn/T/npm-1324098175229/1324098175229-0.17039834009483457/contents/package /Users/papa/.npm/node-dev/0.1.9/package.tgz
silly makeList /var/folders/wk/5x4_mdr52x3_47y7ks0j7_jc0000gn/T/npm-1324098175229/1324098175229-0.17039834009483457/contents/package
verbose mkdir'ed /Users/papa/.npm/node-dev/0.1.9
verbose tar about to write tar and gzip it.
silly tar args [ '-czvf', '-', '-T', '-' ]
silly spawning [ 'tar',
silly spawning   [ '-czvf', '-', '-T', '-' ],
silly spawning   '/var/folders/wk/5x4_mdr52x3_47y7ks0j7_jc0000gn/T/npm-1324098175229/1324098175229-0.17039834009483457/contents' ]
verbose mkdir (expected) error ENOENT, no such file or directory '/Users/papa/.npm/node-dev/0.1.9/___package.npm'
verbose mkdir done: /Users/papa/.npm/node-dev/0.1.9/___package.npm 755
verbose unpack_ uid, gid [ undefined, undefined ]
verbose unpackTarget /Users/papa/.npm/node-dev/0.1.9/package
silly gunzTarPerm modes [ '755', '644' ]
silly spawning [ 'tar',
silly spawning   [ '-zmvxpf', '/Users/papa/.npm/node-dev/0.1.9/package.tgz' ],
silly spawning   '/Users/papa/.npm/node-dev/0.1.9/___package.npm' ]
silly tar err x package/.gitignore
silly tar err x package/node-dev
silly tar err x package/notify.sh
silly tar err x package/package.json
silly tar err x package/README.md
silly tar err x package/wrapper.js
silly tar err x package/icons/node_error.png
silly tar err x package/icons/node_info.png
silly tar err x package/test/app.js
silly tar err x package/test/app_.coffee
silly tar err x package/test/message.js
silly tar exit 0
silly asyncMap in gTP /Users/papa/.npm/node-dev/0.1.9/___package.npm/package
silly asyncMap in gTP /Users/papa/.npm/node-dev/0.1.9/___package.npm/package/.gitignore
silly asyncMap in gTP /Users/papa/.npm/node-dev/0.1.9/___package.npm/package/node-dev
silly asyncMap in gTP /Users/papa/.npm/node-dev/0.1.9/___package.npm/package/notify.sh
silly asyncMap in gTP /Users/papa/.npm/node-dev/0.1.9/___package.npm/package/package.json
silly asyncMap in gTP /Users/papa/.npm/node-dev/0.1.9/___package.npm/package/README.md
silly asyncMap in gTP /Users/papa/.npm/node-dev/0.1.9/___package.npm/package/wrapper.js
silly asyncMap in gTP /Users/papa/.npm/node-dev/0.1.9/___package.npm/package/icons
silly asyncMap in gTP /Users/papa/.npm/node-dev/0.1.9/___package.npm/package/icons/node_error.png
silly asyncMap in gTP /Users/papa/.npm/node-dev/0.1.9/___package.npm/package/icons/node_info.png
silly asyncMap in gTP /Users/papa/.npm/node-dev/0.1.9/___package.npm/package/test
silly asyncMap in gTP /Users/papa/.npm/node-dev/0.1.9/___package.npm/package/test/app.js
silly asyncMap in gTP /Users/papa/.npm/node-dev/0.1.9/___package.npm/package/test/app_.coffee
silly asyncMap in gTP /Users/papa/.npm/node-dev/0.1.9/___package.npm/package/test/message.js
verbose gunzed /Users/papa/.npm/node-dev/0.1.9/___package.npm/package
verbose rm'ed /Users/papa/.npm/node-dev/0.1.9/package
verbose renamed [ '/Users/papa/.npm/node-dev/0.1.9/___package.npm/package',
verbose renamed   '/Users/papa/.npm/node-dev/0.1.9/package' ]
silly testEngine { name: 'node-dev',
silly testEngine   homepage: 'http://github.com/fgnass/node-dev',
silly testEngine   author: 
silly testEngine    { name: 'Felix Gnass',
silly testEngine      email: 'felix.gnass@neteye.de',
silly testEngine      url: 'http://fgnass.posterous.com' },
silly testEngine   contributors: 
silly testEngine    [ { name: 'Aseem Kishore',
silly testEngine        email: 'aseem.kishore@gmail.com',
silly testEngine        url: 'http://aseemk.com' } ],
silly testEngine   bin: { 'node-dev': './node-dev' },
silly testEngine   devDependencies: { 'coffee-script': '1.1.x', streamline: '0.1.x' },
silly testEngine   scripts: { test: './node-dev test/app' },
silly testEngine   preferGlobal: true,
silly testEngine   repository: { type: 'git', url: 'git://github.com/fgnass/node-dev.git' },
silly testEngine   description: 'Node.js supervisor with desktop notifications',
silly testEngine   keywords: [ 'supervisor', 'restart', 'reload', 'auto-reload' ],
silly testEngine   version: '0.1.9',
silly testEngine   _id: 'node-dev@0.1.9',
silly testEngine   dependencies: {},
silly testEngine   engines: { node: '*' },
silly testEngine   _engineSupported: true,
silly testEngine   _npmVersion: '1.0.106',
silly testEngine   _nodeVersion: 'v0.6.2',
silly testEngine   _defaultsLoaded: true,
silly testEngine   dist: { shasum: '2c1048cd9647de8bfc9756aa0c15c6f1738d47ef' } }
verbose caching /Users/papa/.npm/node-dev/0.1.9/package/package.json
verbose loadDefaults node-dev@0.1.9
silly updated sha bytes 10240
info shasum 2c1048cd9647de8bfc9756aa0c15c6f1738d47ef
info shasum /Users/papa/.npm/node-dev/0.1.9/package.tgz
verbose from cache /Users/papa/.npm/node-dev/0.1.9/package/package.json
verbose chmod /Users/papa/.npm/node-dev/0.1.9/package.tgz 644
verbose chown [ '/Users/papa/.npm/node-dev/0.1.9/package.tgz', 501, 20 ]
silly resolved [ { name: 'node-dev',
silly resolved     homepage: 'http://github.com/fgnass/node-dev',
silly resolved     author: 
silly resolved      { name: 'Felix Gnass',
silly resolved        email: 'felix.gnass@neteye.de',
silly resolved        url: 'http://fgnass.posterous.com' },
silly resolved     contributors: 
silly resolved      [ { name: 'Aseem Kishore',
silly resolved          email: 'aseem.kishore@gmail.com',
silly resolved          url: 'http://aseemk.com' } ],
silly resolved     bin: { 'node-dev': './node-dev' },
silly resolved     devDependencies: { 'coffee-script': '1.1.x', streamline: '0.1.x' },
silly resolved     scripts: { test: './node-dev test/app' },
silly resolved     preferGlobal: true,
silly resolved     repository: { type: 'git', url: 'git://github.com/fgnass/node-dev.git' },
silly resolved     description: 'Node.js supervisor with desktop notifications',
silly resolved     keywords: [ 'supervisor', 'restart', 'reload', 'auto-reload' ],
silly resolved     version: '0.1.9',
silly resolved     _id: 'node-dev@0.1.9',
silly resolved     dependencies: {},
silly resolved     engines: { node: '*' },
silly resolved     _engineSupported: true,
silly resolved     _npmVersion: '1.0.106',
silly resolved     _nodeVersion: 'v0.6.2',
silly resolved     _defaultsLoaded: true,
silly resolved     dist: { shasum: '2c1048cd9647de8bfc9756aa0c15c6f1738d47ef' } } ]
info into /usr/local/lib node-dev@0.1.9
info installOne node-dev@0.1.9
info unbuild /usr/local/lib/node_modules/node-dev
verbose from cache /Users/papa/.npm/node-dev/0.1.9/package/package.json
verbose mkdir (expected) error ENOENT, no such file or directory '/usr/local/lib/node_modules/___node-dev.npm'
verbose mkdir done: /usr/local/lib/node_modules/___node-dev.npm 755
verbose unpack_ uid, gid [ undefined, undefined ]
verbose unpackTarget /usr/local/lib/node_modules/node-dev
silly gunzTarPerm modes [ '755', '644' ]
silly spawning [ 'tar',
silly spawning   [ '-zmvxpf', '/Users/papa/.npm/node-dev/0.1.9/package.tgz' ],
silly spawning   '/usr/local/lib/node_modules/___node-dev.npm' ]
silly tar err x package/.gitignore
silly tar err x package/node-dev
silly tar err x package/notify.sh
silly tar err x package/package.json
silly tar err x package/README.md
silly tar err x package/wrapper.js
silly tar err x package/icons/node_error.png
silly tar err x package/icons/node_info.png
silly tar err x package/test/app.js
silly tar err x package/test/app_.coffee
silly tar err x package/test/message.js
silly tar exit 0
silly asyncMap in gTP /usr/local/lib/node_modules/___node-dev.npm/package
silly asyncMap in gTP /usr/local/lib/node_modules/___node-dev.npm/package/.gitignore
silly asyncMap in gTP /usr/local/lib/node_modules/___node-dev.npm/package/node-dev
silly asyncMap in gTP /usr/local/lib/node_modules/___node-dev.npm/package/notify.sh
silly asyncMap in gTP /usr/local/lib/node_modules/___node-dev.npm/package/package.json
silly asyncMap in gTP /usr/local/lib/node_modules/___node-dev.npm/package/README.md
silly asyncMap in gTP /usr/local/lib/node_modules/___node-dev.npm/package/wrapper.js
silly asyncMap in gTP /usr/local/lib/node_modules/___node-dev.npm/package/icons
silly asyncMap in gTP /usr/local/lib/node_modules/___node-dev.npm/package/icons/node_error.png
silly asyncMap in gTP /usr/local/lib/node_modules/___node-dev.npm/package/icons/node_info.png
silly asyncMap in gTP /usr/local/lib/node_modules/___node-dev.npm/package/test
silly asyncMap in gTP /usr/local/lib/node_modules/___node-dev.npm/package/test/app.js
silly asyncMap in gTP /usr/local/lib/node_modules/___node-dev.npm/package/test/app_.coffee
silly asyncMap in gTP /usr/local/lib/node_modules/___node-dev.npm/package/test/message.js
verbose gunzed /usr/local/lib/node_modules/___node-dev.npm/package
verbose rm'ed /usr/local/lib/node_modules/node-dev
verbose renamed [ '/usr/local/lib/node_modules/___node-dev.npm/package',
verbose renamed   '/usr/local/lib/node_modules/node-dev' ]
silly testEngine { name: 'node-dev',
silly testEngine   homepage: 'http://github.com/fgnass/node-dev',
silly testEngine   author: 
silly testEngine    { name: 'Felix Gnass',
silly testEngine      email: 'felix.gnass@neteye.de',
silly testEngine      url: 'http://fgnass.posterous.com' },
silly testEngine   contributors: 
silly testEngine    [ { name: 'Aseem Kishore',
silly testEngine        email: 'aseem.kishore@gmail.com',
silly testEngine        url: 'http://aseemk.com' } ],
silly testEngine   bin: { 'node-dev': './node-dev' },
silly testEngine   devDependencies: { 'coffee-script': '1.1.x', streamline: '0.1.x' },
silly testEngine   scripts: { test: './node-dev test/app' },
silly testEngine   preferGlobal: true,
silly testEngine   repository: { type: 'git', url: 'git://github.com/fgnass/node-dev.git' },
silly testEngine   description: 'Node.js supervisor with desktop notifications',
silly testEngine   keywords: [ 'supervisor', 'restart', 'reload', 'auto-reload' ],
silly testEngine   version: '0.1.9',
silly testEngine   _id: 'node-dev@0.1.9',
silly testEngine   dependencies: {},
silly testEngine   engines: { node: '*' },
silly testEngine   _engineSupported: true,
silly testEngine   _npmVersion: '1.0.106',
silly testEngine   _nodeVersion: 'v0.6.2',
silly testEngine   _defaultsLoaded: true }
verbose caching /usr/local/lib/node_modules/node-dev/package.json
verbose loadDefaults node-dev@0.1.9
info preinstall node-dev@0.1.9
verbose from cache /usr/local/lib/node_modules/node-dev/package.json
verbose into /usr/local/lib/node_modules/node-dev []
silly resolved []
verbose about to build /usr/local/lib/node_modules/node-dev
info build /usr/local/lib/node_modules/node-dev
verbose from cache /usr/local/lib/node_modules/node-dev/package.json
verbose linkStuff [ true,
verbose linkStuff   '/usr/local/lib/node_modules',
verbose linkStuff   true,
verbose linkStuff   '/usr/local/lib/node_modules' ]
info linkStuff node-dev@0.1.9
verbose linkBins node-dev@0.1.9
verbose bins linking [ { 'node-dev': './node-dev' }, '/usr/local/bin', true ]
verbose linkMans node-dev@0.1.9
verbose rebuildBundles node-dev@0.1.9
ERR! error installing node-dev@0.1.9 Error: EACCES, permission denied '../lib/node_modules/node-dev/node-dev'
info unbuild /usr/local/lib/node_modules/node-dev
verbose from cache /usr/local/lib/node_modules/node-dev/package.json
info preuninstall node-dev@0.1.9
info uninstall node-dev@0.1.9
verbose unbuild node-dev@0.1.9 [ true,
verbose unbuild node-dev@0.1.9   '/usr/local/lib/node_modules',
verbose unbuild node-dev@0.1.9   '/usr/local/lib/node_modules' ]
verbose binRoot [ '/usr/local/bin', { 'node-dev': './node-dev' } ]
info postuninstall node-dev@0.1.9
verbose installOne cb node-dev@0.1.9
ERR! Error: EACCES, permission denied '../lib/node_modules/node-dev/node-dev'
ERR! Report this *entire* log at:
ERR!     <http://github.com/isaacs/npm/issues>
ERR! or email it to:
ERR!     <npm-@googlegroups.com>
ERR! 
ERR! System Darwin 11.2.0
ERR! command "node" "/usr/local/bin/npm" "install" "node-dev" "-g"
ERR! cwd /Users/papa/Documents/dev-tools/dotcloud/chaty
ERR! node -v v0.6.2
ERR! npm -v 1.0.106
ERR! path ../lib/node_modules/node-dev/node-dev
ERR! code EACCES
verbose exit [ 1, true ]
